This is pdfTeX, Version 3.141592653-2.6-1.40.24 (TeX Live 2022) (preloaded format=pdflatex 2022.8.24)  27 AUG 2022 19:40
entering extended mode
 restricted \write18 enabled.
 %&-line parsing enabled.
**a832bfa41d4ca373d5f439ab4d7dbd49584c5af5ed14c39cc3f600384a3b7be5.tex
(/usr/local/texlive/2022basic/texmf-dist/tex/latex/tools/x.tex
LaTeX2e <2021-11-15> patch level 1
L3 programming layer <2022-02-24>
! .
l.38   \batchmode \errmessage{}
                               \csname @@end\endcsname \end 
Here is how much of TeX's memory you used:
 19 strings out of 479719
 589 string characters out of 5880574
 285622 words of memory out of 5000000
 18115 multiletter control sequences out of 15000+600000
 469259 words of font info for 28 fonts, out of 8000000 for 9000
 319 hyphenation exceptions out of 8191
 13i,0n,12p,148b,10s stack positions out of 10000i,1000n,20000p,200000b,200000s

!  ==> Fatal error occurred, no output PDF file produced!
